<?xml version="1.0" encoding="UTF-8"?>
<testng-results skipped="0" failed="0" total="1" passed="1">
  <reporter-output>
  </reporter-output>
  <suite name="Sample test Suite" duration-ms="39" started-at="2017-06-08T17:13:58Z" finished-at="2017-06-08T17:13:58Z">
    <groups>
    </groups>
    <test name="Sample test" duration-ms="39" started-at="2017-06-08T17:13:58Z" finished-at="2017-06-08T17:13:58Z">
      <class name="myjar.maii">
        <test-method status="PASS" signature="t1()" name="t1" duration-ms="19" started-at="2017-06-08T17:13:58Z" finished-at="2017-06-08T17:13:58Z">
        </test-method>
      </class>
    </test>
  </suite>
</testng-results>
